{"/Users/roland/dev/django/spicesoft/tandoori-ui/static/js/navbar/App.jsx": {"path":"/Users/roland/dev/django/spicesoft/tandoori-ui/static/js/navbar/App.jsx","statementMap":{"0":{"start":{"line":1,"column":26},"end":{"line":1,"column":42}},"1":{"start":{"line":1,"column":57},"end":{"line":1,"column":87}},"2":{"start":{"line":2,"column":16},"end":{"line":2,"column":36}},"3":{"start":{"line":2,"column":54},"end":{"line":2,"column":87}},"4":{"start":{"line":4,"column":14},"end":{"line":4,"column":40}},"5":{"start":{"line":4,"column":56},"end":{"line":4,"column":87}},"6":{"start":{"line":4,"column":126},"end":{"line":4,"column":180}},"7":{"start":{"line":6,"column":17},"end":{"line":26,"column":20}},"8":{"start":{"line":31,"column":0},"end":{"line":41,"column":35}}},"fnMap":{"0":{"name":"_interopRequireDefault","decl":{"start":{"line":4,"column":97},"end":{"line":4,"column":119}},"loc":{"start":{"line":4,"column":125},"end":{"line":4,"column":181}},"line":4}},"branchMap":{"0":{"loc":{"start":{"line":4,"column":133},"end":{"line":4,"column":179}},"type":"cond-expr","locations":[{"start":{"line":4,"column":157},"end":{"line":4,"column":160}},{"start":{"line":4,"column":163},"end":{"line":4,"column":179}}],"line":4},"1":{"loc":{"start":{"line":4,"column":133},"end":{"line":4,"column":154}},"type":"binary-expr","locations":[{"start":{"line":4,"column":133},"end":{"line":4,"column":136}},{"start":{"line":4,"column":140},"end":{"line":4,"column":154}}],"line":4}},"s":{"0":0,"1":0,"2":0,"3":0,"4":0,"5":0,"6":0,"7":0,"8":0},"f":{"0":0},"b":{"0":[0,0],"1":[0,0]}}
,"/Users/roland/dev/django/spicesoft/tandoori-ui/static/js/navbar/ui/Navbar.jsx": {"path":"/Users/roland/dev/django/spicesoft/tandoori-ui/static/js/navbar/ui/Navbar.jsx","statementMap":{"0":{"start":{"line":8,"column":8},"end":{"line":8,"column":21}},"1":{"start":{"line":9,"column":8},"end":{"line":9,"column":76}},"2":{"start":{"line":13,"column":76},"end":{"line":13,"column":86}},"3":{"start":{"line":14,"column":27},"end":{"line":16,"column":9}},"4":{"start":{"line":17,"column":8},"end":{"line":19,"column":10}},"5":{"start":{"line":20,"column":8},"end":{"line":26,"column":10}},"6":{"start":{"line":30,"column":26},"end":{"line":41,"column":9}},"7":{"start":{"line":31,"column":12},"end":{"line":40,"column":13}},"8":{"start":{"line":32,"column":16},"end":{"line":39,"column":18}},"9":{"start":{"line":42,"column":8},"end":{"line":53,"column":10}},"10":{"start":{"line":57,"column":8},"end":{"line":65,"column":9}},"11":{"start":{"line":58,"column":12},"end":{"line":64,"column":14}},"12":{"start":{"line":69,"column":32},"end":{"line":78,"column":9}},"13":{"start":{"line":70,"column":12},"end":{"line":77,"column":13}},"14":{"start":{"line":71,"column":16},"end":{"line":76,"column":58}},"15":{"start":{"line":79,"column":8},"end":{"line":89,"column":16}},"16":{"start":{"line":93,"column":8},"end":{"line":97,"column":11}},"17":{"start":{"line":94,"column":12},"end":{"line":96,"column":18}},"18":{"start":{"line":102,"column":0},"end":{"line":112,"column":2}}},"fnMap":{"0":{"name":"(anonymous_0)","decl":{"start":{"line":7,"column":4},"end":{"line":7,"column":5}},"loc":{"start":{"line":7,"column":23},"end":{"line":10,"column":5}},"line":7},"1":{"name":"(anonymous_1)","decl":{"start":{"line":12,"column":4},"end":{"line":12,"column":5}},"loc":{"start":{"line":12,"column":13},"end":{"line":27,"column":5}},"line":12},"2":{"name":"(anonymous_2)","decl":{"start":{"line":29,"column":4},"end":{"line":29,"column":5}},"loc":{"start":{"line":29,"column":38},"end":{"line":54,"column":5}},"line":29},"3":{"name":"(anonymous_3)","decl":{"start":{"line":30,"column":26},"end":{"line":30,"column":27}},"loc":{"start":{"line":30,"column":32},"end":{"line":41,"column":9}},"line":30},"4":{"name":"(anonymous_4)","decl":{"start":{"line":56,"column":4},"end":{"line":56,"column":5}},"loc":{"start":{"line":56,"column":21},"end":{"line":66,"column":5}},"line":56},"5":{"name":"(anonymous_5)","decl":{"start":{"line":68,"column":4},"end":{"line":68,"column":5}},"loc":{"start":{"line":68,"column":55},"end":{"line":90,"column":5}},"line":68},"6":{"name":"(anonymous_6)","decl":{"start":{"line":69,"column":32},"end":{"line":69,"column":33}},"loc":{"start":{"line":69,"column":38},"end":{"line":78,"column":9}},"line":69},"7":{"name":"(anonymous_7)","decl":{"start":{"line":92,"column":4},"end":{"line":92,"column":5}},"loc":{"start":{"line":92,"column":35},"end":{"line":98,"column":5}},"line":92},"8":{"name":"(anonymous_8)","decl":{"start":{"line":93,"column":31},"end":{"line":93,"column":32}},"loc":{"start":{"line":94,"column":12},"end":{"line":96,"column":18}},"line":94}},"branchMap":{"0":{"loc":{"start":{"line":18,"column":12},"end":{"line":18,"column":88}},"type":"cond-expr","locations":[{"start":{"line":18,"column":36},"end":{"line":18,"column":57}},{"start":{"line":18,"column":60},"end":{"line":18,"column":88}}],"line":18},"1":{"loc":{"start":{"line":31,"column":12},"end":{"line":40,"column":13}},"type":"if","locations":[{"start":{"line":31,"column":12},"end":{"line":40,"column":13}},{"start":{"line":31,"column":12},"end":{"line":40,"column":13}}],"line":31},"2":{"loc":{"start":{"line":57,"column":8},"end":{"line":65,"column":9}},"type":"if","locations":[{"start":{"line":57,"column":8},"end":{"line":65,"column":9}},{"start":{"line":57,"column":8},"end":{"line":65,"column":9}}],"line":57},"3":{"loc":{"start":{"line":70,"column":12},"end":{"line":77,"column":13}},"type":"if","locations":[{"start":{"line":70,"column":12},"end":{"line":77,"column":13}},{"start":{"line":70,"column":12},"end":{"line":77,"column":13}}],"line":70},"4":{"loc":{"start":{"line":71,"column":23},"end":{"line":76,"column":57}},"type":"cond-expr","locations":[{"start":{"line":71,"column":44},"end":{"line":76,"column":18}},{"start":{"line":76,"column":22},"end":{"line":76,"column":57}}],"line":71},"5":{"loc":{"start":{"line":84,"column":22},"end":{"line":84,"column":56}},"type":"cond-expr","locations":[{"start":{"line":84,"column":43},"end":{"line":84,"column":51}},{"start":{"line":84,"column":54},"end":{"line":84,"column":56}}],"line":84},"6":{"loc":{"start":{"line":85,"column":27},"end":{"line":85,"column":62}},"type":"cond-expr","locations":[{"start":{"line":85,"column":47},"end":{"line":85,"column":57}},{"start":{"line":85,"column":60},"end":{"line":85,"column":62}}],"line":85}},"s":{"0":1,"1":1,"2":1,"3":1,"4":1,"5":1,"6":1,"7":1,"8":1,"9":1,"10":1,"11":0,"12":1,"13":1,"14":0,"15":1,"16":0,"17":0,"18":1},"f":{"0":1,"1":1,"2":1,"3":1,"4":1,"5":1,"6":1,"7":0,"8":0},"b":{"0":[0,1],"1":[1,0],"2":[0,1],"3":[0,1],"4":[0,0],"5":[1,0],"6":[0,1]},"_coverageSchema":"332fd63041d2c1bcb487cc26dd0d5f7d97098a6c","hash":"9e47b1155eccba577f0251297b6bb24477183512"}
}
