{"/Users/roland/dev/django/spicesoft/tandoori-ui/static/js/navbar/App.jsx": {"path":"/Users/roland/dev/django/spicesoft/tandoori-ui/static/js/navbar/App.jsx","statementMap":{"0":{"start":{"line":1,"column":26},"end":{"line":1,"column":42}},"1":{"start":{"line":1,"column":57},"end":{"line":1,"column":87}},"2":{"start":{"line":2,"column":16},"end":{"line":2,"column":36}},"3":{"start":{"line":2,"column":54},"end":{"line":2,"column":87}},"4":{"start":{"line":4,"column":14},"end":{"line":4,"column":40}},"5":{"start":{"line":4,"column":56},"end":{"line":4,"column":87}},"6":{"start":{"line":4,"column":126},"end":{"line":4,"column":180}},"7":{"start":{"line":6,"column":17},"end":{"line":26,"column":20}},"8":{"start":{"line":31,"column":0},"end":{"line":41,"column":35}}},"fnMap":{"0":{"name":"_interopRequireDefault","decl":{"start":{"line":4,"column":97},"end":{"line":4,"column":119}},"loc":{"start":{"line":4,"column":125},"end":{"line":4,"column":181}},"line":4}},"branchMap":{"0":{"loc":{"start":{"line":4,"column":133},"end":{"line":4,"column":179}},"type":"cond-expr","locations":[{"start":{"line":4,"column":157},"end":{"line":4,"column":160}},{"start":{"line":4,"column":163},"end":{"line":4,"column":179}}],"line":4},"1":{"loc":{"start":{"line":4,"column":133},"end":{"line":4,"column":154}},"type":"binary-expr","locations":[{"start":{"line":4,"column":133},"end":{"line":4,"column":136}},{"start":{"line":4,"column":140},"end":{"line":4,"column":154}}],"line":4}},"s":{"0":0,"1":0,"2":0,"3":0,"4":0,"5":0,"6":0,"7":0,"8":0},"f":{"0":0},"b":{"0":[0,0],"1":[0,0]}}
,"/Users/roland/dev/django/spicesoft/tandoori-ui/static/js/navbar/ui/Navbar.jsx": {"path":"/Users/roland/dev/django/spicesoft/tandoori-ui/static/js/navbar/ui/Navbar.jsx","statementMap":{"0":{"start":{"line":8,"column":8},"end":{"line":8,"column":21}},"1":{"start":{"line":9,"column":8},"end":{"line":9,"column":76}},"2":{"start":{"line":13,"column":76},"end":{"line":13,"column":86}},"3":{"start":{"line":14,"column":27},"end":{"line":16,"column":9}},"4":{"start":{"line":17,"column":8},"end":{"line":19,"column":10}},"5":{"start":{"line":20,"column":8},"end":{"line":26,"column":10}},"6":{"start":{"line":30,"column":26},"end":{"line":41,"column":9}},"7":{"start":{"line":31,"column":12},"end":{"line":40,"column":13}},"8":{"start":{"line":32,"column":16},"end":{"line":39,"column":18}},"9":{"start":{"line":42,"column":8},"end":{"line":53,"column":10}},"10":{"start":{"line":57,"column":8},"end":{"line":65,"column":9}},"11":{"start":{"line":58,"column":12},"end":{"line":64,"column":14}},"12":{"start":{"line":69,"column":32},"end":{"line":78,"column":9}},"13":{"start":{"line":70,"column":12},"end":{"line":77,"column":13}},"14":{"start":{"line":71,"column":16},"end":{"line":76,"column":58}},"15":{"start":{"line":79,"column":8},"end":{"line":89,"column":16}},"16":{"start":{"line":93,"column":8},"end":{"line":97,"column":11}},"17":{"start":{"line":94,"column":12},"end":{"line":96,"column":18}},"18":{"start":{"line":102,"column":0},"end":{"line":112,"column":2}}},"fnMap":{"0":{"name":"(anonymous_0)","decl":{"start":{"line":7,"column":4},"end":{"line":7,"column":5}},"loc":{"start":{"line":7,"column":23},"end":{"line":10,"column":5}},"line":7},"1":{"name":"(anonymous_1)","decl":{"start":{"line":12,"column":4},"end":{"line":12,"column":5}},"loc":{"start":{"line":12,"column":13},"end":{"line":27,"column":5}},"line":12},"2":{"name":"(anonymous_2)","decl":{"start":{"line":29,"column":4},"end":{"line":29,"column":5}},"loc":{"start":{"line":29,"column":38},"end":{"line":54,"column":5}},"line":29},"3":{"name":"(anonymous_3)","decl":{"start":{"line":30,"column":26},"end":{"line":30,"column":27}},"loc":{"start":{"line":30,"column":32},"end":{"line":41,"column":9}},"line":30},"4":{"name":"(anonymous_4)","decl":{"start":{"line":56,"column":4},"end":{"line":56,"column":5}},"loc":{"start":{"line":56,"column":21},"end":{"line":66,"column":5}},"line":56},"5":{"name":"(anonymous_5)","decl":{"start":{"line":68,"column":4},"end":{"line":68,"column":5}},"loc":{"start":{"line":68,"column":55},"end":{"line":90,"column":5}},"line":68},"6":{"name":"(anonymous_6)","decl":{"start":{"line":69,"column":32},"end":{"line":69,"column":33}},"loc":{"start":{"line":69,"column":38},"end":{"line":78,"column":9}},"line":69},"7":{"name":"(anonymous_7)","decl":{"start":{"line":92,"column":4},"end":{"line":92,"column":5}},"loc":{"start":{"line":92,"column":35},"end":{"line":98,"column":5}},"line":92},"8":{"name":"(anonymous_8)","decl":{"start":{"line":93,"column":31},"end":{"line":93,"column":32}},"loc":{"start":{"line":94,"column":12},"end":{"line":96,"column":18}},"line":94}},"branchMap":{"0":{"loc":{"start":{"line":18,"column":12},"end":{"line":18,"column":88}},"type":"cond-expr","locations":[{"start":{"line":18,"column":36},"end":{"line":18,"column":57}},{"start":{"line":18,"column":60},"end":{"line":18,"column":88}}],"line":18},"1":{"loc":{"start":{"line":31,"column":12},"end":{"line":40,"column":13}},"type":"if","locations":[{"start":{"line":31,"column":12},"end":{"line":40,"column":13}},{"start":{"line":31,"column":12},"end":{"line":40,"column":13}}],"line":31},"2":{"loc":{"start":{"line":57,"column":8},"end":{"line":65,"column":9}},"type":"if","locations":[{"start":{"line":57,"column":8},"end":{"line":65,"column":9}},{"start":{"line":57,"column":8},"end":{"line":65,"column":9}}],"line":57},"3":{"loc":{"start":{"line":70,"column":12},"end":{"line":77,"column":13}},"type":"if","locations":[{"start":{"line":70,"column":12},"end":{"line":77,"column":13}},{"start":{"line":70,"column":12},"end":{"line":77,"column":13}}],"line":70},"4":{"loc":{"start":{"line":71,"column":23},"end":{"line":76,"column":57}},"type":"cond-expr","locations":[{"start":{"line":71,"column":44},"end":{"line":76,"column":18}},{"start":{"line":76,"column":22},"end":{"line":76,"column":57}}],"line":71},"5":{"loc":{"start":{"line":84,"column":22},"end":{"line":84,"column":56}},"type":"cond-expr","locations":[{"start":{"line":84,"column":43},"end":{"line":84,"column":51}},{"start":{"line":84,"column":54},"end":{"line":84,"column":56}}],"line":84},"6":{"loc":{"start":{"line":85,"column":27},"end":{"line":85,"column":62}},"type":"cond-expr","locations":[{"start":{"line":85,"column":47},"end":{"line":85,"column":57}},{"start":{"line":85,"column":60},"end":{"line":85,"column":62}}],"line":85}},"s":{"0":1,"1":1,"2":1,"3":1,"4":1,"5":1,"6":1,"7":1,"8":1,"9":1,"10":1,"11":0,"12":1,"13":1,"14":0,"15":1,"16":0,"17":0,"18":1},"f":{"0":1,"1":1,"2":1,"3":1,"4":1,"5":1,"6":1,"7":0,"8":0},"b":{"0":[0,1],"1":[1,0],"2":[0,1],"3":[0,1],"4":[0,0],"5":[1,0],"6":[0,1]},"_coverageSchema":"332fd63041d2c1bcb487cc26dd0d5f7d97098a6c","hash":"9e47b1155eccba577f0251297b6bb24477183512"}
,"/Users/roland/dev/django/spicesoft/tandoori-ui/static/js/shared/Dropdown.jsx": {"path":"/Users/roland/dev/django/spicesoft/tandoori-ui/static/js/shared/Dropdown.jsx","statementMap":{"0":{"start":{"line":7,"column":8},"end":{"line":7,"column":76}},"1":{"start":{"line":8,"column":8},"end":{"line":11,"column":11}},"2":{"start":{"line":15,"column":50},"end":{"line":15,"column":60}},"3":{"start":{"line":16,"column":27},"end":{"line":16,"column":67}},"4":{"start":{"line":17,"column":31},"end":{"line":17,"column":73}},"5":{"start":{"line":18,"column":8},"end":{"line":28,"column":10}},"6":{"start":{"line":32,"column":27},"end":{"line":36,"column":9}},"7":{"start":{"line":37,"column":8},"end":{"line":39,"column":9}},"8":{"start":{"line":38,"column":12},"end":{"line":38,"column":76}},"9":{"start":{"line":40,"column":8},"end":{"line":62,"column":10}},"10":{"start":{"line":47,"column":20},"end":{"line":59,"column":25}},"11":{"start":{"line":54,"column":28},"end":{"line":54,"column":55}},"12":{"start":{"line":66,"column":8},"end":{"line":72,"column":9}},"13":{"start":{"line":67,"column":12},"end":{"line":71,"column":14}},"14":{"start":{"line":76,"column":8},"end":{"line":78,"column":9}},"15":{"start":{"line":77,"column":12},"end":{"line":77,"column":30}},"16":{"start":{"line":82,"column":8},"end":{"line":85,"column":11}},"17":{"start":{"line":89,"column":8},"end":{"line":94,"column":9}},"18":{"start":{"line":90,"column":12},"end":{"line":93,"column":14}},"19":{"start":{"line":95,"column":8},"end":{"line":98,"column":10}},"20":{"start":{"line":102,"column":0},"end":{"line":114,"column":2}}},"fnMap":{"0":{"name":"(anonymous_0)","decl":{"start":{"line":6,"column":4},"end":{"line":6,"column":5}},"loc":{"start":{"line":6,"column":25},"end":{"line":12,"column":5}},"line":6},"1":{"name":"(anonymous_1)","decl":{"start":{"line":14,"column":4},"end":{"line":14,"column":5}},"loc":{"start":{"line":14,"column":13},"end":{"line":29,"column":5}},"line":14},"2":{"name":"(anonymous_2)","decl":{"start":{"line":31,"column":4},"end":{"line":31,"column":5}},"loc":{"start":{"line":31,"column":17},"end":{"line":63,"column":5}},"line":31},"3":{"name":"(anonymous_3)","decl":{"start":{"line":46,"column":38},"end":{"line":46,"column":39}},"loc":{"start":{"line":47,"column":20},"end":{"line":59,"column":25}},"line":47},"4":{"name":"(anonymous_4)","decl":{"start":{"line":53,"column":61},"end":{"line":53,"column":62}},"loc":{"start":{"line":53,"column":67},"end":{"line":55,"column":25}},"line":53},"5":{"name":"(anonymous_5)","decl":{"start":{"line":65,"column":4},"end":{"line":65,"column":5}},"loc":{"start":{"line":65,"column":22},"end":{"line":73,"column":5}},"line":65},"6":{"name":"(anonymous_6)","decl":{"start":{"line":75,"column":4},"end":{"line":75,"column":5}},"loc":{"start":{"line":75,"column":17},"end":{"line":79,"column":5}},"line":75},"7":{"name":"(anonymous_7)","decl":{"start":{"line":81,"column":4},"end":{"line":81,"column":5}},"loc":{"start":{"line":81,"column":17},"end":{"line":86,"column":5}},"line":81},"8":{"name":"(anonymous_8)","decl":{"start":{"line":88,"column":4},"end":{"line":88,"column":5}},"loc":{"start":{"line":88,"column":18},"end":{"line":99,"column":5}},"line":88}},"branchMap":{"0":{"loc":{"start":{"line":16,"column":27},"end":{"line":16,"column":67}},"type":"binary-expr","locations":[{"start":{"line":16,"column":27},"end":{"line":16,"column":61}},{"start":{"line":16,"column":65},"end":{"line":16,"column":67}}],"line":16},"1":{"loc":{"start":{"line":17,"column":31},"end":{"line":17,"column":73}},"type":"binary-expr","locations":[{"start":{"line":17,"column":31},"end":{"line":17,"column":67}},{"start":{"line":17,"column":71},"end":{"line":17,"column":73}}],"line":17},"2":{"loc":{"start":{"line":37,"column":8},"end":{"line":39,"column":9}},"type":"if","locations":[{"start":{"line":37,"column":8},"end":{"line":39,"column":9}},{"start":{"line":37,"column":8},"end":{"line":39,"column":9}}],"line":37},"3":{"loc":{"start":{"line":53,"column":33},"end":{"line":55,"column":25}},"type":"cond-expr","locations":[{"start":{"line":53,"column":47},"end":{"line":53,"column":58}},{"start":{"line":53,"column":61},"end":{"line":55,"column":25}}],"line":53},"4":{"loc":{"start":{"line":66,"column":8},"end":{"line":72,"column":9}},"type":"if","locations":[{"start":{"line":66,"column":8},"end":{"line":72,"column":9}},{"start":{"line":66,"column":8},"end":{"line":72,"column":9}}],"line":66},"5":{"loc":{"start":{"line":76,"column":8},"end":{"line":78,"column":9}},"type":"if","locations":[{"start":{"line":76,"column":8},"end":{"line":78,"column":9}},{"start":{"line":76,"column":8},"end":{"line":78,"column":9}}],"line":76},"6":{"loc":{"start":{"line":83,"column":18},"end":{"line":83,"column":48}},"type":"cond-expr","locations":[{"start":{"line":83,"column":36},"end":{"line":83,"column":41}},{"start":{"line":83,"column":44},"end":{"line":83,"column":48}}],"line":83},"7":{"loc":{"start":{"line":84,"column":23},"end":{"line":84,"column":53}},"type":"cond-expr","locations":[{"start":{"line":84,"column":41},"end":{"line":84,"column":46}},{"start":{"line":84,"column":49},"end":{"line":84,"column":53}}],"line":84},"8":{"loc":{"start":{"line":89,"column":8},"end":{"line":94,"column":9}},"type":"if","locations":[{"start":{"line":89,"column":8},"end":{"line":94,"column":9}},{"start":{"line":89,"column":8},"end":{"line":94,"column":9}}],"line":89}},"s":{"0":0,"1":0,"2":0,"3":0,"4":0,"5":0,"6":0,"7":0,"8":0,"9":0,"10":0,"11":0,"12":0,"13":0,"14":0,"15":0,"16":0,"17":0,"18":0,"19":0,"20":1},"f":{"0":0,"1":0,"2":0,"3":0,"4":0,"5":0,"6":0,"7":0,"8":0},"b":{"0":[0,0],"1":[0,0],"2":[0,0],"3":[0,0],"4":[0,0],"5":[0,0],"6":[0,0],"7":[0,0],"8":[0,0]},"_coverageSchema":"332fd63041d2c1bcb487cc26dd0d5f7d97098a6c","hash":"47eafcdb4c706a100dc60c59719887c1c11cce5b"}
,"/Users/roland/dev/django/spicesoft/tandoori-ui/static/js/shared/Loader.jsx": {"path":"/Users/roland/dev/django/spicesoft/tandoori-ui/static/js/shared/Loader.jsx","statementMap":{"0":{"start":{"line":1,"column":13},"end":{"line":1,"column":75}},"1":{"start":{"line":1,"column":94},"end":{"line":1,"column":623}},"2":{"start":{"line":1,"column":149},"end":{"line":1,"column":414}},"3":{"start":{"line":1,"column":206},"end":{"line":1,"column":214}},"4":{"start":{"line":1,"column":215},"end":{"line":1,"column":270}},"5":{"start":{"line":1,"column":270},"end":{"line":1,"column":301}},"6":{"start":{"line":1,"column":301},"end":{"line":1,"column":355}},"7":{"start":{"line":1,"column":328},"end":{"line":1,"column":355}},"8":{"start":{"line":1,"column":355},"end":{"line":1,"column":413}},"9":{"start":{"line":1,"column":415},"end":{"line":1,"column":620}},"10":{"start":{"line":1,"column":471},"end":{"line":1,"column":539}},"11":{"start":{"line":1,"column":487},"end":{"line":1,"column":539}},"12":{"start":{"line":1,"column":539},"end":{"line":1,"column":599}},"13":{"start":{"line":1,"column":556},"end":{"line":1,"column":599}},"14":{"start":{"line":1,"column":599},"end":{"line":1,"column":618}},"15":{"start":{"line":1,"column":637},"end":{"line":1,"column":653}},"16":{"start":{"line":1,"column":668},"end":{"line":1,"column":698}},"17":{"start":{"line":1,"column":737},"end":{"line":1,"column":791}},"18":{"start":{"line":1,"column":841},"end":{"line":1,"column":940}},"19":{"start":{"line":1,"column":882},"end":{"line":1,"column":939}},"20":{"start":{"line":1,"column":990},"end":{"line":1,"column":1089}},"21":{"start":{"line":1,"column":1002},"end":{"line":1,"column":1088}},"22":{"start":{"line":1,"column":1089},"end":{"line":1,"column":1175}},"23":{"start":{"line":1,"column":1218},"end":{"line":1,"column":1381}},"24":{"start":{"line":1,"column":1280},"end":{"line":1,"column":1380}},"25":{"start":{"line":1,"column":1381},"end":{"line":1,"column":1545}},"26":{"start":{"line":1,"column":1545},"end":{"line":1,"column":1663}},"27":{"start":{"line":1,"column":1561},"end":{"line":1,"column":1663}},"28":{"start":{"line":3,"column":9},"end":{"line":12,"column":60}},"29":{"start":{"line":3,"column":42},"end":{"line":3,"column":82}},"30":{"start":{"line":3,"column":101},"end":{"line":3,"column":131}},"31":{"start":{"line":3,"column":131},"end":{"line":3,"column":247}},"32":{"start":{"line":3,"column":248},"end":{"line":12,"column":14}},"33":{"start":{"line":5,"column":12},"end":{"line":9,"column":96}},"34":{"start":{"line":12,"column":14},"end":{"line":12,"column":28}},"35":{"start":{"line":12,"column":61},"end":{"line":12,"column":86}}},"fnMap":{"0":{"name":"(anonymous_0)","decl":{"start":{"line":1,"column":94},"end":{"line":1,"column":95}},"loc":{"start":{"line":1,"column":106},"end":{"line":1,"column":621}},"line":1},"1":{"name":"defineProperties","decl":{"start":{"line":1,"column":116},"end":{"line":1,"column":132}},"loc":{"start":{"line":1,"column":148},"end":{"line":1,"column":415}},"line":1},"2":{"name":"(anonymous_2)","decl":{"start":{"line":1,"column":422},"end":{"line":1,"column":423}},"loc":{"start":{"line":1,"column":470},"end":{"line":1,"column":619}},"line":1},"3":{"name":"_interopRequireDefault","decl":{"start":{"line":1,"column":708},"end":{"line":1,"column":730}},"loc":{"start":{"line":1,"column":736},"end":{"line":1,"column":792}},"line":1},"4":{"name":"_classCallCheck","decl":{"start":{"line":1,"column":801},"end":{"line":1,"column":816}},"loc":{"start":{"line":1,"column":840},"end":{"line":1,"column":941}},"line":1},"5":{"name":"_possibleConstructorReturn","decl":{"start":{"line":1,"column":950},"end":{"line":1,"column":976}},"loc":{"start":{"line":1,"column":989},"end":{"line":1,"column":1176}},"line":1},"6":{"name":"_inherits","decl":{"start":{"line":1,"column":1185},"end":{"line":1,"column":1194}},"loc":{"start":{"line":1,"column":1217},"end":{"line":1,"column":1664}},"line":1},"7":{"name":"(anonymous_7)","decl":{"start":{"line":3,"column":9},"end":{"line":3,"column":10}},"loc":{"start":{"line":3,"column":41},"end":{"line":12,"column":29}},"line":3},"8":{"name":"Loader","decl":{"start":{"line":3,"column":91},"end":{"line":3,"column":97}},"loc":{"start":{"line":3,"column":100},"end":{"line":3,"column":248}},"line":3},"9":{"name":"render","decl":{"start":{"line":3,"column":303},"end":{"line":3,"column":309}},"loc":{"start":{"line":4,"column":8},"end":{"line":12,"column":9}},"line":4}},"branchMap":{"0":{"loc":{"start":{"line":1,"column":239},"end":{"line":1,"column":269}},"type":"binary-expr","locations":[{"start":{"line":1,"column":239},"end":{"line":1,"column":260}},{"start":{"line":1,"column":264},"end":{"line":1,"column":269}}],"line":1},"1":{"loc":{"start":{"line":1,"column":301},"end":{"line":1,"column":355}},"type":"if","locations":[{"start":{"line":1,"column":301},"end":{"line":1,"column":355}},{"start":{"line":1,"column":301},"end":{"line":1,"column":355}}],"line":1},"2":{"loc":{"start":{"line":1,"column":471},"end":{"line":1,"column":539}},"type":"if","locations":[{"start":{"line":1,"column":471},"end":{"line":1,"column":539}},{"start":{"line":1,"column":471},"end":{"line":1,"column":539}}],"line":1},"3":{"loc":{"start":{"line":1,"column":539},"end":{"line":1,"column":599}},"type":"if","locations":[{"start":{"line":1,"column":539},"end":{"line":1,"column":599}},{"start":{"line":1,"column":539},"end":{"line":1,"column":599}}],"line":1},"4":{"loc":{"start":{"line":1,"column":744},"end":{"line":1,"column":790}},"type":"cond-expr","locations":[{"start":{"line":1,"column":768},"end":{"line":1,"column":771}},{"start":{"line":1,"column":774},"end":{"line":1,"column":790}}],"line":1},"5":{"loc":{"start":{"line":1,"column":744},"end":{"line":1,"column":765}},"type":"binary-expr","locations":[{"start":{"line":1,"column":744},"end":{"line":1,"column":747}},{"start":{"line":1,"column":751},"end":{"line":1,"column":765}}],"line":1},"6":{"loc":{"start":{"line":1,"column":841},"end":{"line":1,"column":940}},"type":"if","locations":[{"start":{"line":1,"column":841},"end":{"line":1,"column":940}},{"start":{"line":1,"column":841},"end":{"line":1,"column":940}}],"line":1},"7":{"loc":{"start":{"line":1,"column":990},"end":{"line":1,"column":1089}},"type":"if","locations":[{"start":{"line":1,"column":990},"end":{"line":1,"column":1089}},{"start":{"line":1,"column":990},"end":{"line":1,"column":1089}}],"line":1},"8":{"loc":{"start":{"line":1,"column":1096},"end":{"line":1,"column":1174}},"type":"cond-expr","locations":[{"start":{"line":1,"column":1163},"end":{"line":1,"column":1167}},{"start":{"line":1,"column":1170},"end":{"line":1,"column":1174}}],"line":1},"9":{"loc":{"start":{"line":1,"column":1096},"end":{"line":1,"column":1160}},"type":"binary-expr","locations":[{"start":{"line":1,"column":1096},"end":{"line":1,"column":1100}},{"start":{"line":1,"column":1105},"end":{"line":1,"column":1129}},{"start":{"line":1,"column":1133},"end":{"line":1,"column":1159}}],"line":1},"10":{"loc":{"start":{"line":1,"column":1218},"end":{"line":1,"column":1381}},"type":"if","locations":[{"start":{"line":1,"column":1218},"end":{"line":1,"column":1381}},{"start":{"line":1,"column":1218},"end":{"line":1,"column":1381}}],"line":1},"11":{"loc":{"start":{"line":1,"column":1222},"end":{"line":1,"column":1277}},"type":"binary-expr","locations":[{"start":{"line":1,"column":1222},"end":{"line":1,"column":1254}},{"start":{"line":1,"column":1258},"end":{"line":1,"column":1277}}],"line":1},"12":{"loc":{"start":{"line":1,"column":1416},"end":{"line":1,"column":1450}},"type":"binary-expr","locations":[{"start":{"line":1,"column":1416},"end":{"line":1,"column":1426}},{"start":{"line":1,"column":1430},"end":{"line":1,"column":1450}}],"line":1},"13":{"loc":{"start":{"line":1,"column":1545},"end":{"line":1,"column":1663}},"type":"if","locations":[{"start":{"line":1,"column":1545},"end":{"line":1,"column":1663}},{"start":{"line":1,"column":1545},"end":{"line":1,"column":1663}}],"line":1},"14":{"loc":{"start":{"line":1,"column":1561},"end":{"line":1,"column":1662}},"type":"cond-expr","locations":[{"start":{"line":1,"column":1585},"end":{"line":1,"column":1628}},{"start":{"line":1,"column":1631},"end":{"line":1,"column":1662}}],"line":1},"15":{"loc":{"start":{"line":3,"column":172},"end":{"line":3,"column":221}},"type":"binary-expr","locations":[{"start":{"line":3,"column":172},"end":{"line":3,"column":188}},{"start":{"line":3,"column":192},"end":{"line":3,"column":221}}],"line":3}},"s":{"0":0,"1":0,"2":0,"3":0,"4":0,"5":0,"6":0,"7":0,"8":0,"9":0,"10":0,"11":0,"12":0,"13":0,"14":0,"15":0,"16":0,"17":0,"18":0,"19":0,"20":0,"21":0,"22":0,"23":0,"24":0,"25":0,"26":0,"27":0,"28":0,"29":0,"30":0,"31":0,"32":0,"33":0,"34":0,"35":0},"f":{"0":0,"1":0,"2":0,"3":0,"4":0,"5":0,"6":0,"7":0,"8":0,"9":0},"b":{"0":[0,0],"1":[0,0],"2":[0,0],"3":[0,0],"4":[0,0],"5":[0,0],"6":[0,0],"7":[0,0],"8":[0,0],"9":[0,0,0],"10":[0,0],"11":[0,0],"12":[0,0],"13":[0,0],"14":[0,0],"15":[0,0]}}
,"/Users/roland/dev/django/spicesoft/tandoori-ui/static/js/side-menu/App.jsx": {"path":"/Users/roland/dev/django/spicesoft/tandoori-ui/static/js/side-menu/App.jsx","statementMap":{"0":{"start":{"line":1,"column":26},"end":{"line":1,"column":42}},"1":{"start":{"line":1,"column":57},"end":{"line":1,"column":87}},"2":{"start":{"line":2,"column":16},"end":{"line":2,"column":36}},"3":{"start":{"line":2,"column":54},"end":{"line":2,"column":87}},"4":{"start":{"line":3,"column":18},"end":{"line":3,"column":40}},"5":{"start":{"line":4,"column":13},"end":{"line":4,"column":29}},"6":{"start":{"line":5,"column":15},"end":{"line":5,"column":35}},"7":{"start":{"line":7,"column":15},"end":{"line":7,"column":45}},"8":{"start":{"line":7,"column":62},"end":{"line":7,"column":94}},"9":{"start":{"line":7,"column":133},"end":{"line":7,"column":187}},"10":{"start":{"line":9,"column":16},"end":{"line":49,"column":33}},"11":{"start":{"line":54,"column":14},"end":{"line":57,"column":20}},"12":{"start":{"line":61,"column":12},"end":{"line":61,"column":62}},"13":{"start":{"line":62,"column":16},"end":{"line":64,"column":1}},"14":{"start":{"line":63,"column":4},"end":{"line":63,"column":35}},"15":{"start":{"line":65,"column":0},"end":{"line":65,"column":27}},"16":{"start":{"line":67,"column":0},"end":{"line":71,"column":38}}},"fnMap":{"0":{"name":"_interopRequireDefault","decl":{"start":{"line":7,"column":104},"end":{"line":7,"column":126}},"loc":{"start":{"line":7,"column":132},"end":{"line":7,"column":188}},"line":7},"1":{"name":"logChange","decl":{"start":{"line":62,"column":25},"end":{"line":62,"column":34}},"loc":{"start":{"line":62,"column":37},"end":{"line":64,"column":1}},"line":62}},"branchMap":{"0":{"loc":{"start":{"line":7,"column":140},"end":{"line":7,"column":186}},"type":"cond-expr","locations":[{"start":{"line":7,"column":164},"end":{"line":7,"column":167}},{"start":{"line":7,"column":170},"end":{"line":7,"column":186}}],"line":7},"1":{"loc":{"start":{"line":7,"column":140},"end":{"line":7,"column":161}},"type":"binary-expr","locations":[{"start":{"line":7,"column":140},"end":{"line":7,"column":143}},{"start":{"line":7,"column":147},"end":{"line":7,"column":161}}],"line":7}},"s":{"0":0,"1":0,"2":0,"3":0,"4":0,"5":0,"6":0,"7":0,"8":0,"9":0,"10":0,"11":0,"12":0,"13":0,"14":0,"15":0,"16":0},"f":{"0":0,"1":0},"b":{"0":[0,0],"1":[0,0]}}
,"/Users/roland/dev/django/spicesoft/tandoori-ui/static/js/side-menu/actionTypes.js": {"path":"/Users/roland/dev/django/spicesoft/tandoori-ui/static/js/side-menu/actionTypes.js","statementMap":{"0":{"start":{"line":1,"column":13},"end":{"line":1,"column":75}},"1":{"start":{"line":1,"column":93},"end":{"line":1,"column":128}},"2":{"start":{"line":2,"column":20},"end":{"line":2,"column":59}}},"fnMap":{},"branchMap":{},"s":{"0":0,"1":0,"2":0},"f":{},"b":{}}
,"/Users/roland/dev/django/spicesoft/tandoori-ui/static/js/side-menu/actions.js": {"path":"/Users/roland/dev/django/spicesoft/tandoori-ui/static/js/side-menu/actions.js","statementMap":{"0":{"start":{"line":1,"column":13},"end":{"line":1,"column":75}},"1":{"start":{"line":1,"column":75},"end":{"line":1,"column":129}},"2":{"start":{"line":1,"column":148},"end":{"line":1,"column":172}},"3":{"start":{"line":6,"column":17},"end":{"line":11,"column":1}},"4":{"start":{"line":7,"column":4},"end":{"line":9,"column":17}},"5":{"start":{"line":13,"column":19},"end":{"line":18,"column":1}},"6":{"start":{"line":14,"column":4},"end":{"line":16,"column":17}}},"fnMap":{"0":{"name":"toggleOpen","decl":{"start":{"line":6,"column":47},"end":{"line":6,"column":57}},"loc":{"start":{"line":6,"column":62},"end":{"line":11,"column":1}},"line":6},"1":{"name":"toggleActive","decl":{"start":{"line":13,"column":51},"end":{"line":13,"column":63}},"loc":{"start":{"line":13,"column":68},"end":{"line":18,"column":1}},"line":13}},"branchMap":{},"s":{"0":0,"1":0,"2":0,"3":0,"4":0,"5":0,"6":0},"f":{"0":0,"1":0},"b":{}}
,"/Users/roland/dev/django/spicesoft/tandoori-ui/static/js/side-menu/container/MenuApp.js": {"path":"/Users/roland/dev/django/spicesoft/tandoori-ui/static/js/side-menu/container/MenuApp.js","statementMap":{"0":{"start":{"line":1,"column":13},"end":{"line":1,"column":75}},"1":{"start":{"line":1,"column":93},"end":{"line":1,"column":115}},"2":{"start":{"line":2,"column":15},"end":{"line":2,"column":36}},"3":{"start":{"line":6,"column":12},"end":{"line":6,"column":37}},"4":{"start":{"line":6,"column":51},"end":{"line":6,"column":80}},"5":{"start":{"line":6,"column":119},"end":{"line":6,"column":173}},"6":{"start":{"line":8,"column":22},"end":{"line":8,"column":69}},"7":{"start":{"line":8,"column":55},"end":{"line":8,"column":68}},"8":{"start":{"line":10,"column":25},"end":{"line":20,"column":1}},"9":{"start":{"line":11,"column":4},"end":{"line":18,"column":12}},"10":{"start":{"line":13,"column":12},"end":{"line":13,"column":51}},"11":{"start":{"line":14,"column":12},"end":{"line":14,"column":53}},"12":{"start":{"line":17,"column":12},"end":{"line":17,"column":51}},"13":{"start":{"line":22,"column":14},"end":{"line":24,"column":35}},"14":{"start":{"line":24,"column":36},"end":{"line":27,"column":8}}},"fnMap":{"0":{"name":"_interopRequireDefault","decl":{"start":{"line":6,"column":90},"end":{"line":6,"column":112}},"loc":{"start":{"line":6,"column":118},"end":{"line":6,"column":174}},"line":6},"1":{"name":"mapStateToProps","decl":{"start":{"line":8,"column":31},"end":{"line":8,"column":46}},"loc":{"start":{"line":8,"column":54},"end":{"line":8,"column":69}},"line":8},"2":{"name":"mapDispatchToProps","decl":{"start":{"line":10,"column":34},"end":{"line":10,"column":52}},"loc":{"start":{"line":10,"column":63},"end":{"line":20,"column":1}},"line":10},"3":{"name":"onItemClicked","decl":{"start":{"line":12,"column":32},"end":{"line":12,"column":45}},"loc":{"start":{"line":12,"column":50},"end":{"line":15,"column":9}},"line":12},"4":{"name":"onOutsideLayerClicked","decl":{"start":{"line":16,"column":40},"end":{"line":16,"column":61}},"loc":{"start":{"line":16,"column":66},"end":{"line":18,"column":9}},"line":16}},"branchMap":{"0":{"loc":{"start":{"line":6,"column":126},"end":{"line":6,"column":172}},"type":"cond-expr","locations":[{"start":{"line":6,"column":150},"end":{"line":6,"column":153}},{"start":{"line":6,"column":156},"end":{"line":6,"column":172}}],"line":6},"1":{"loc":{"start":{"line":6,"column":126},"end":{"line":6,"column":147}},"type":"binary-expr","locations":[{"start":{"line":6,"column":126},"end":{"line":6,"column":129}},{"start":{"line":6,"column":133},"end":{"line":6,"column":147}}],"line":6}},"s":{"0":0,"1":0,"2":0,"3":0,"4":0,"5":0,"6":0,"7":0,"8":0,"9":0,"10":0,"11":0,"12":0,"13":0,"14":0},"f":{"0":0,"1":0,"2":0,"3":0,"4":0},"b":{"0":[0,0],"1":[0,0]}}
,"/Users/roland/dev/django/spicesoft/tandoori-ui/static/js/side-menu/ui/Menu.jsx": {"path":"/Users/roland/dev/django/spicesoft/tandoori-ui/static/js/side-menu/ui/Menu.jsx","statementMap":{"0":{"start":{"line":1,"column":13},"end":{"line":1,"column":75}},"1":{"start":{"line":1,"column":94},"end":{"line":1,"column":623}},"2":{"start":{"line":1,"column":149},"end":{"line":1,"column":414}},"3":{"start":{"line":1,"column":206},"end":{"line":1,"column":214}},"4":{"start":{"line":1,"column":215},"end":{"line":1,"column":270}},"5":{"start":{"line":1,"column":270},"end":{"line":1,"column":301}},"6":{"start":{"line":1,"column":301},"end":{"line":1,"column":355}},"7":{"start":{"line":1,"column":328},"end":{"line":1,"column":355}},"8":{"start":{"line":1,"column":355},"end":{"line":1,"column":413}},"9":{"start":{"line":1,"column":415},"end":{"line":1,"column":620}},"10":{"start":{"line":1,"column":471},"end":{"line":1,"column":539}},"11":{"start":{"line":1,"column":487},"end":{"line":1,"column":539}},"12":{"start":{"line":1,"column":539},"end":{"line":1,"column":599}},"13":{"start":{"line":1,"column":556},"end":{"line":1,"column":599}},"14":{"start":{"line":1,"column":599},"end":{"line":1,"column":618}},"15":{"start":{"line":1,"column":637},"end":{"line":1,"column":653}},"16":{"start":{"line":1,"column":668},"end":{"line":1,"column":698}},"17":{"start":{"line":2,"column":17},"end":{"line":2,"column":38}},"18":{"start":{"line":2,"column":57},"end":{"line":2,"column":91}},"19":{"start":{"line":4,"column":16},"end":{"line":4,"column":41}},"20":{"start":{"line":4,"column":59},"end":{"line":4,"column":92}},"21":{"start":{"line":4,"column":131},"end":{"line":4,"column":185}},"22":{"start":{"line":4,"column":235},"end":{"line":4,"column":334}},"23":{"start":{"line":4,"column":276},"end":{"line":4,"column":333}},"24":{"start":{"line":4,"column":384},"end":{"line":4,"column":483}},"25":{"start":{"line":4,"column":396},"end":{"line":4,"column":482}},"26":{"start":{"line":4,"column":483},"end":{"line":4,"column":569}},"27":{"start":{"line":4,"column":612},"end":{"line":4,"column":775}},"28":{"start":{"line":4,"column":674},"end":{"line":4,"column":774}},"29":{"start":{"line":4,"column":775},"end":{"line":4,"column":939}},"30":{"start":{"line":4,"column":939},"end":{"line":4,"column":1057}},"31":{"start":{"line":4,"column":955},"end":{"line":4,"column":1057}},"32":{"start":{"line":6,"column":7},"end":{"line":82,"column":58}},"33":{"start":{"line":6,"column":40},"end":{"line":6,"column":78}},"34":{"start":{"line":6,"column":95},"end":{"line":6,"column":123}},"35":{"start":{"line":6,"column":123},"end":{"line":6,"column":235}},"36":{"start":{"line":6,"column":236},"end":{"line":82,"column":14}},"37":{"start":{"line":10,"column":12},"end":{"line":25,"column":41}},"38":{"start":{"line":30,"column":22},"end":{"line":30,"column":26}},"39":{"start":{"line":31,"column":12},"end":{"line":37,"column":15}},"40":{"start":{"line":32,"column":16},"end":{"line":35,"column":65}},"41":{"start":{"line":40,"column":22},"end":{"line":40,"column":26}},"42":{"start":{"line":41,"column":29},"end":{"line":43,"column":14}},"43":{"start":{"line":42,"column":16},"end":{"line":42,"column":35}},"44":{"start":{"line":44,"column":12},"end":{"line":53,"column":13}},"45":{"start":{"line":45,"column":16},"end":{"line":52,"column":19}},"46":{"start":{"line":46,"column":20},"end":{"line":49,"column":67}},"47":{"start":{"line":54,"column":12},"end":{"line":54,"column":19}},"48":{"start":{"line":58,"column":12},"end":{"line":64,"column":15}},"49":{"start":{"line":59,"column":16},"end":{"line":61,"column":126}},"50":{"start":{"line":68,"column":26},"end":{"line":70,"column":45}},"51":{"start":{"line":72,"column":12},"end":{"line":76,"column":13}},"52":{"start":{"line":73,"column":16},"end":{"line":74,"column":94}},"53":{"start":{"line":77,"column":12},"end":{"line":77,"column":37}},"54":{"start":{"line":81,"column":12},"end":{"line":81,"column":68}},"55":{"start":{"line":82,"column":14},"end":{"line":82,"column":26}},"56":{"start":{"line":82,"column":59},"end":{"line":82,"column":82}},"57":{"start":{"line":85,"column":0},"end":{"line":103,"column":17}}},"fnMap":{"0":{"name":"(anonymous_0)","decl":{"start":{"line":1,"column":94},"end":{"line":1,"column":95}},"loc":{"start":{"line":1,"column":106},"end":{"line":1,"column":621}},"line":1},"1":{"name":"defineProperties","decl":{"start":{"line":1,"column":116},"end":{"line":1,"column":132}},"loc":{"start":{"line":1,"column":148},"end":{"line":1,"column":415}},"line":1},"2":{"name":"(anonymous_2)","decl":{"start":{"line":1,"column":422},"end":{"line":1,"column":423}},"loc":{"start":{"line":1,"column":470},"end":{"line":1,"column":619}},"line":1},"3":{"name":"_interopRequireDefault","decl":{"start":{"line":4,"column":102},"end":{"line":4,"column":124}},"loc":{"start":{"line":4,"column":130},"end":{"line":4,"column":186}},"line":4},"4":{"name":"_classCallCheck","decl":{"start":{"line":4,"column":195},"end":{"line":4,"column":210}},"loc":{"start":{"line":4,"column":234},"end":{"line":4,"column":335}},"line":4},"5":{"name":"_possibleConstructorReturn","decl":{"start":{"line":4,"column":344},"end":{"line":4,"column":370}},"loc":{"start":{"line":4,"column":383},"end":{"line":4,"column":570}},"line":4},"6":{"name":"_inherits","decl":{"start":{"line":4,"column":579},"end":{"line":4,"column":588}},"loc":{"start":{"line":4,"column":611},"end":{"line":4,"column":1058}},"line":4},"7":{"name":"(anonymous_7)","decl":{"start":{"line":6,"column":7},"end":{"line":6,"column":8}},"loc":{"start":{"line":6,"column":39},"end":{"line":82,"column":27}},"line":6},"8":{"name":"Menu","decl":{"start":{"line":6,"column":87},"end":{"line":6,"column":91}},"loc":{"start":{"line":6,"column":94},"end":{"line":6,"column":236}},"line":6},"9":{"name":"render","decl":{"start":{"line":6,"column":289},"end":{"line":6,"column":295}},"loc":{"start":{"line":9,"column":8},"end":{"line":28,"column":9}},"line":9},"10":{"name":"renderItems","decl":{"start":{"line":28,"column":51},"end":{"line":28,"column":62}},"loc":{"start":{"line":30,"column":8},"end":{"line":38,"column":9}},"line":30},"11":{"name":"(anonymous_11)","decl":{"start":{"line":31,"column":44},"end":{"line":31,"column":45}},"loc":{"start":{"line":31,"column":63},"end":{"line":37,"column":13}},"line":31},"12":{"name":"renderCategories","decl":{"start":{"line":38,"column":56},"end":{"line":38,"column":72}},"loc":{"start":{"line":40,"column":8},"end":{"line":55,"column":9}},"line":40},"13":{"name":"(anonymous_13)","decl":{"start":{"line":41,"column":55},"end":{"line":41,"column":56}},"loc":{"start":{"line":41,"column":71},"end":{"line":43,"column":13}},"line":41},"14":{"name":"(anonymous_14)","decl":{"start":{"line":45,"column":47},"end":{"line":45,"column":48}},"loc":{"start":{"line":45,"column":69},"end":{"line":52,"column":17}},"line":45},"15":{"name":"renderSubItems","decl":{"start":{"line":55,"column":54},"end":{"line":55,"column":68}},"loc":{"start":{"line":57,"column":18},"end":{"line":65,"column":9}},"line":57},"16":{"name":"(anonymous_16)","decl":{"start":{"line":58,"column":32},"end":{"line":58,"column":33}},"loc":{"start":{"line":58,"column":51},"end":{"line":64,"column":13}},"line":58},"17":{"name":"getPanelClassNames","decl":{"start":{"line":65,"column":58},"end":{"line":65,"column":76}},"loc":{"start":{"line":67,"column":8},"end":{"line":78,"column":9}},"line":67},"18":{"name":"outsideClicked","decl":{"start":{"line":78,"column":54},"end":{"line":78,"column":68}},"loc":{"start":{"line":80,"column":8},"end":{"line":82,"column":9}},"line":80}},"branchMap":{"0":{"loc":{"start":{"line":1,"column":239},"end":{"line":1,"column":269}},"type":"binary-expr","locations":[{"start":{"line":1,"column":239},"end":{"line":1,"column":260}},{"start":{"line":1,"column":264},"end":{"line":1,"column":269}}],"line":1},"1":{"loc":{"start":{"line":1,"column":301},"end":{"line":1,"column":355}},"type":"if","locations":[{"start":{"line":1,"column":301},"end":{"line":1,"column":355}},{"start":{"line":1,"column":301},"end":{"line":1,"column":355}}],"line":1},"2":{"loc":{"start":{"line":1,"column":471},"end":{"line":1,"column":539}},"type":"if","locations":[{"start":{"line":1,"column":471},"end":{"line":1,"column":539}},{"start":{"line":1,"column":471},"end":{"line":1,"column":539}}],"line":1},"3":{"loc":{"start":{"line":1,"column":539},"end":{"line":1,"column":599}},"type":"if","locations":[{"start":{"line":1,"column":539},"end":{"line":1,"column":599}},{"start":{"line":1,"column":539},"end":{"line":1,"column":599}}],"line":1},"4":{"loc":{"start":{"line":4,"column":138},"end":{"line":4,"column":184}},"type":"cond-expr","locations":[{"start":{"line":4,"column":162},"end":{"line":4,"column":165}},{"start":{"line":4,"column":168},"end":{"line":4,"column":184}}],"line":4},"5":{"loc":{"start":{"line":4,"column":138},"end":{"line":4,"column":159}},"type":"binary-expr","locations":[{"start":{"line":4,"column":138},"end":{"line":4,"column":141}},{"start":{"line":4,"column":145},"end":{"line":4,"column":159}}],"line":4},"6":{"loc":{"start":{"line":4,"column":235},"end":{"line":4,"column":334}},"type":"if","locations":[{"start":{"line":4,"column":235},"end":{"line":4,"column":334}},{"start":{"line":4,"column":235},"end":{"line":4,"column":334}}],"line":4},"7":{"loc":{"start":{"line":4,"column":384},"end":{"line":4,"column":483}},"type":"if","locations":[{"start":{"line":4,"column":384},"end":{"line":4,"column":483}},{"start":{"line":4,"column":384},"end":{"line":4,"column":483}}],"line":4},"8":{"loc":{"start":{"line":4,"column":490},"end":{"line":4,"column":568}},"type":"cond-expr","locations":[{"start":{"line":4,"column":557},"end":{"line":4,"column":561}},{"start":{"line":4,"column":564},"end":{"line":4,"column":568}}],"line":4},"9":{"loc":{"start":{"line":4,"column":490},"end":{"line":4,"column":554}},"type":"binary-expr","locations":[{"start":{"line":4,"column":490},"end":{"line":4,"column":494}},{"start":{"line":4,"column":499},"end":{"line":4,"column":523}},{"start":{"line":4,"column":527},"end":{"line":4,"column":553}}],"line":4},"10":{"loc":{"start":{"line":4,"column":612},"end":{"line":4,"column":775}},"type":"if","locations":[{"start":{"line":4,"column":612},"end":{"line":4,"column":775}},{"start":{"line":4,"column":612},"end":{"line":4,"column":775}}],"line":4},"11":{"loc":{"start":{"line":4,"column":616},"end":{"line":4,"column":671}},"type":"binary-expr","locations":[{"start":{"line":4,"column":616},"end":{"line":4,"column":648}},{"start":{"line":4,"column":652},"end":{"line":4,"column":671}}],"line":4},"12":{"loc":{"start":{"line":4,"column":810},"end":{"line":4,"column":844}},"type":"binary-expr","locations":[{"start":{"line":4,"column":810},"end":{"line":4,"column":820}},{"start":{"line":4,"column":824},"end":{"line":4,"column":844}}],"line":4},"13":{"loc":{"start":{"line":4,"column":939},"end":{"line":4,"column":1057}},"type":"if","locations":[{"start":{"line":4,"column":939},"end":{"line":4,"column":1057}},{"start":{"line":4,"column":939},"end":{"line":4,"column":1057}}],"line":4},"14":{"loc":{"start":{"line":4,"column":955},"end":{"line":4,"column":1056}},"type":"cond-expr","locations":[{"start":{"line":4,"column":979},"end":{"line":4,"column":1022}},{"start":{"line":4,"column":1025},"end":{"line":4,"column":1056}}],"line":4},"15":{"loc":{"start":{"line":6,"column":164},"end":{"line":6,"column":209}},"type":"binary-expr","locations":[{"start":{"line":6,"column":164},"end":{"line":6,"column":178}},{"start":{"line":6,"column":182},"end":{"line":6,"column":209}}],"line":6},"16":{"loc":{"start":{"line":44,"column":12},"end":{"line":53,"column":13}},"type":"if","locations":[{"start":{"line":44,"column":12},"end":{"line":53,"column":13}},{"start":{"line":44,"column":12},"end":{"line":53,"column":13}}],"line":44},"17":{"loc":{"start":{"line":72,"column":12},"end":{"line":76,"column":13}},"type":"if","locations":[{"start":{"line":72,"column":12},"end":{"line":76,"column":13}},{"start":{"line":72,"column":12},"end":{"line":76,"column":13}}],"line":72},"18":{"loc":{"start":{"line":74,"column":16},"end":{"line":74,"column":92}},"type":"cond-expr","locations":[{"start":{"line":74,"column":34},"end":{"line":74,"column":61}},{"start":{"line":74,"column":64},"end":{"line":74,"column":92}}],"line":74}},"s":{"0":0,"1":0,"2":0,"3":0,"4":0,"5":0,"6":0,"7":0,"8":0,"9":0,"10":0,"11":0,"12":0,"13":0,"14":0,"15":0,"16":0,"17":0,"18":0,"19":0,"20":0,"21":0,"22":0,"23":0,"24":0,"25":0,"26":0,"27":0,"28":0,"29":0,"30":0,"31":0,"32":0,"33":0,"34":0,"35":0,"36":0,"37":0,"38":0,"39":0,"40":0,"41":0,"42":0,"43":0,"44":0,"45":0,"46":0,"47":0,"48":0,"49":0,"50":0,"51":0,"52":0,"53":0,"54":0,"55":0,"56":0,"57":0},"f":{"0":0,"1":0,"2":0,"3":0,"4":0,"5":0,"6":0,"7":0,"8":0,"9":0,"10":0,"11":0,"12":0,"13":0,"14":0,"15":0,"16":0,"17":0,"18":0},"b":{"0":[0,0],"1":[0,0],"2":[0,0],"3":[0,0],"4":[0,0],"5":[0,0],"6":[0,0],"7":[0,0],"8":[0,0],"9":[0,0,0],"10":[0,0],"11":[0,0],"12":[0,0],"13":[0,0],"14":[0,0],"15":[0,0],"16":[0,0],"17":[0,0],"18":[0,0]}}
,"/Users/roland/dev/django/spicesoft/tandoori-ui/static/js/side-menu/ui/MenuItem.jsx": {"path":"/Users/roland/dev/django/spicesoft/tandoori-ui/static/js/side-menu/ui/MenuItem.jsx","statementMap":{"0":{"start":{"line":1,"column":13},"end":{"line":1,"column":75}},"1":{"start":{"line":1,"column":94},"end":{"line":1,"column":623}},"2":{"start":{"line":1,"column":149},"end":{"line":1,"column":414}},"3":{"start":{"line":1,"column":206},"end":{"line":1,"column":214}},"4":{"start":{"line":1,"column":215},"end":{"line":1,"column":270}},"5":{"start":{"line":1,"column":270},"end":{"line":1,"column":301}},"6":{"start":{"line":1,"column":301},"end":{"line":1,"column":355}},"7":{"start":{"line":1,"column":328},"end":{"line":1,"column":355}},"8":{"start":{"line":1,"column":355},"end":{"line":1,"column":413}},"9":{"start":{"line":1,"column":415},"end":{"line":1,"column":620}},"10":{"start":{"line":1,"column":471},"end":{"line":1,"column":539}},"11":{"start":{"line":1,"column":487},"end":{"line":1,"column":539}},"12":{"start":{"line":1,"column":539},"end":{"line":1,"column":599}},"13":{"start":{"line":1,"column":556},"end":{"line":1,"column":599}},"14":{"start":{"line":1,"column":599},"end":{"line":1,"column":618}},"15":{"start":{"line":1,"column":637},"end":{"line":1,"column":653}},"16":{"start":{"line":1,"column":668},"end":{"line":1,"column":698}},"17":{"start":{"line":2,"column":17},"end":{"line":2,"column":38}},"18":{"start":{"line":2,"column":57},"end":{"line":2,"column":91}},"19":{"start":{"line":2,"column":130},"end":{"line":2,"column":184}},"20":{"start":{"line":2,"column":234},"end":{"line":2,"column":333}},"21":{"start":{"line":2,"column":275},"end":{"line":2,"column":332}},"22":{"start":{"line":2,"column":383},"end":{"line":2,"column":482}},"23":{"start":{"line":2,"column":395},"end":{"line":2,"column":481}},"24":{"start":{"line":2,"column":482},"end":{"line":2,"column":568}},"25":{"start":{"line":2,"column":611},"end":{"line":2,"column":774}},"26":{"start":{"line":2,"column":673},"end":{"line":2,"column":773}},"27":{"start":{"line":2,"column":774},"end":{"line":2,"column":938}},"28":{"start":{"line":2,"column":938},"end":{"line":2,"column":1056}},"29":{"start":{"line":2,"column":954},"end":{"line":2,"column":1056}},"30":{"start":{"line":4,"column":11},"end":{"line":26,"column":62}},"31":{"start":{"line":4,"column":44},"end":{"line":4,"column":86}},"32":{"start":{"line":4,"column":107},"end":{"line":4,"column":139}},"33":{"start":{"line":4,"column":139},"end":{"line":4,"column":259}},"34":{"start":{"line":4,"column":260},"end":{"line":26,"column":14}},"35":{"start":{"line":6,"column":29},"end":{"line":8,"column":39}},"36":{"start":{"line":10,"column":12},"end":{"line":12,"column":13}},"37":{"start":{"line":11,"column":16},"end":{"line":11,"column":59}},"38":{"start":{"line":13,"column":33},"end":{"line":13,"column":85}},"39":{"start":{"line":14,"column":12},"end":{"line":19,"column":91}},"40":{"start":{"line":25,"column":12},"end":{"line":25,"column":57}},"41":{"start":{"line":26,"column":14},"end":{"line":26,"column":30}},"42":{"start":{"line":26,"column":63},"end":{"line":26,"column":90}},"43":{"start":{"line":29,"column":0},"end":{"line":35,"column":17}}},"fnMap":{"0":{"name":"(anonymous_0)","decl":{"start":{"line":1,"column":94},"end":{"line":1,"column":95}},"loc":{"start":{"line":1,"column":106},"end":{"line":1,"column":621}},"line":1},"1":{"name":"defineProperties","decl":{"start":{"line":1,"column":116},"end":{"line":1,"column":132}},"loc":{"start":{"line":1,"column":148},"end":{"line":1,"column":415}},"line":1},"2":{"name":"(anonymous_2)","decl":{"start":{"line":1,"column":422},"end":{"line":1,"column":423}},"loc":{"start":{"line":1,"column":470},"end":{"line":1,"column":619}},"line":1},"3":{"name":"_interopRequireDefault","decl":{"start":{"line":2,"column":101},"end":{"line":2,"column":123}},"loc":{"start":{"line":2,"column":129},"end":{"line":2,"column":185}},"line":2},"4":{"name":"_classCallCheck","decl":{"start":{"line":2,"column":194},"end":{"line":2,"column":209}},"loc":{"start":{"line":2,"column":233},"end":{"line":2,"column":334}},"line":2},"5":{"name":"_possibleConstructorReturn","decl":{"start":{"line":2,"column":343},"end":{"line":2,"column":369}},"loc":{"start":{"line":2,"column":382},"end":{"line":2,"column":569}},"line":2},"6":{"name":"_inherits","decl":{"start":{"line":2,"column":578},"end":{"line":2,"column":587}},"loc":{"start":{"line":2,"column":610},"end":{"line":2,"column":1057}},"line":2},"7":{"name":"(anonymous_7)","decl":{"start":{"line":4,"column":11},"end":{"line":4,"column":12}},"loc":{"start":{"line":4,"column":43},"end":{"line":26,"column":31}},"line":4},"8":{"name":"MenuItem","decl":{"start":{"line":4,"column":95},"end":{"line":4,"column":103}},"loc":{"start":{"line":4,"column":106},"end":{"line":4,"column":260}},"line":4},"9":{"name":"render","decl":{"start":{"line":4,"column":317},"end":{"line":4,"column":323}},"loc":{"start":{"line":5,"column":8},"end":{"line":22,"column":9}},"line":5},"10":{"name":"itemClicked","decl":{"start":{"line":22,"column":51},"end":{"line":22,"column":62}},"loc":{"start":{"line":24,"column":8},"end":{"line":26,"column":9}},"line":24}},"branchMap":{"0":{"loc":{"start":{"line":1,"column":239},"end":{"line":1,"column":269}},"type":"binary-expr","locations":[{"start":{"line":1,"column":239},"end":{"line":1,"column":260}},{"start":{"line":1,"column":264},"end":{"line":1,"column":269}}],"line":1},"1":{"loc":{"start":{"line":1,"column":301},"end":{"line":1,"column":355}},"type":"if","locations":[{"start":{"line":1,"column":301},"end":{"line":1,"column":355}},{"start":{"line":1,"column":301},"end":{"line":1,"column":355}}],"line":1},"2":{"loc":{"start":{"line":1,"column":471},"end":{"line":1,"column":539}},"type":"if","locations":[{"start":{"line":1,"column":471},"end":{"line":1,"column":539}},{"start":{"line":1,"column":471},"end":{"line":1,"column":539}}],"line":1},"3":{"loc":{"start":{"line":1,"column":539},"end":{"line":1,"column":599}},"type":"if","locations":[{"start":{"line":1,"column":539},"end":{"line":1,"column":599}},{"start":{"line":1,"column":539},"end":{"line":1,"column":599}}],"line":1},"4":{"loc":{"start":{"line":2,"column":137},"end":{"line":2,"column":183}},"type":"cond-expr","locations":[{"start":{"line":2,"column":161},"end":{"line":2,"column":164}},{"start":{"line":2,"column":167},"end":{"line":2,"column":183}}],"line":2},"5":{"loc":{"start":{"line":2,"column":137},"end":{"line":2,"column":158}},"type":"binary-expr","locations":[{"start":{"line":2,"column":137},"end":{"line":2,"column":140}},{"start":{"line":2,"column":144},"end":{"line":2,"column":158}}],"line":2},"6":{"loc":{"start":{"line":2,"column":234},"end":{"line":2,"column":333}},"type":"if","locations":[{"start":{"line":2,"column":234},"end":{"line":2,"column":333}},{"start":{"line":2,"column":234},"end":{"line":2,"column":333}}],"line":2},"7":{"loc":{"start":{"line":2,"column":383},"end":{"line":2,"column":482}},"type":"if","locations":[{"start":{"line":2,"column":383},"end":{"line":2,"column":482}},{"start":{"line":2,"column":383},"end":{"line":2,"column":482}}],"line":2},"8":{"loc":{"start":{"line":2,"column":489},"end":{"line":2,"column":567}},"type":"cond-expr","locations":[{"start":{"line":2,"column":556},"end":{"line":2,"column":560}},{"start":{"line":2,"column":563},"end":{"line":2,"column":567}}],"line":2},"9":{"loc":{"start":{"line":2,"column":489},"end":{"line":2,"column":553}},"type":"binary-expr","locations":[{"start":{"line":2,"column":489},"end":{"line":2,"column":493}},{"start":{"line":2,"column":498},"end":{"line":2,"column":522}},{"start":{"line":2,"column":526},"end":{"line":2,"column":552}}],"line":2},"10":{"loc":{"start":{"line":2,"column":611},"end":{"line":2,"column":774}},"type":"if","locations":[{"start":{"line":2,"column":611},"end":{"line":2,"column":774}},{"start":{"line":2,"column":611},"end":{"line":2,"column":774}}],"line":2},"11":{"loc":{"start":{"line":2,"column":615},"end":{"line":2,"column":670}},"type":"binary-expr","locations":[{"start":{"line":2,"column":615},"end":{"line":2,"column":647}},{"start":{"line":2,"column":651},"end":{"line":2,"column":670}}],"line":2},"12":{"loc":{"start":{"line":2,"column":809},"end":{"line":2,"column":843}},"type":"binary-expr","locations":[{"start":{"line":2,"column":809},"end":{"line":2,"column":819}},{"start":{"line":2,"column":823},"end":{"line":2,"column":843}}],"line":2},"13":{"loc":{"start":{"line":2,"column":938},"end":{"line":2,"column":1056}},"type":"if","locations":[{"start":{"line":2,"column":938},"end":{"line":2,"column":1056}},{"start":{"line":2,"column":938},"end":{"line":2,"column":1056}}],"line":2},"14":{"loc":{"start":{"line":2,"column":954},"end":{"line":2,"column":1055}},"type":"cond-expr","locations":[{"start":{"line":2,"column":978},"end":{"line":2,"column":1021}},{"start":{"line":2,"column":1024},"end":{"line":2,"column":1055}}],"line":2},"15":{"loc":{"start":{"line":4,"column":180},"end":{"line":4,"column":233}},"type":"binary-expr","locations":[{"start":{"line":4,"column":180},"end":{"line":4,"column":198}},{"start":{"line":4,"column":202},"end":{"line":4,"column":233}}],"line":4},"16":{"loc":{"start":{"line":10,"column":12},"end":{"line":12,"column":13}},"type":"if","locations":[{"start":{"line":10,"column":12},"end":{"line":12,"column":13}},{"start":{"line":10,"column":12},"end":{"line":12,"column":13}}],"line":10}},"s":{"0":0,"1":0,"2":0,"3":0,"4":0,"5":0,"6":0,"7":0,"8":0,"9":0,"10":0,"11":0,"12":0,"13":0,"14":0,"15":0,"16":0,"17":0,"18":0,"19":0,"20":0,"21":0,"22":0,"23":0,"24":0,"25":0,"26":0,"27":0,"28":0,"29":0,"30":0,"31":0,"32":0,"33":0,"34":0,"35":0,"36":0,"37":0,"38":0,"39":0,"40":0,"41":0,"42":0,"43":0},"f":{"0":0,"1":0,"2":0,"3":0,"4":0,"5":0,"6":0,"7":0,"8":0,"9":0,"10":0},"b":{"0":[0,0],"1":[0,0],"2":[0,0],"3":[0,0],"4":[0,0],"5":[0,0],"6":[0,0],"7":[0,0],"8":[0,0],"9":[0,0,0],"10":[0,0],"11":[0,0],"12":[0,0],"13":[0,0],"14":[0,0],"15":[0,0],"16":[0,0]}}
}
