TN:
SF:/Users/roland/dev/django/spicesoft/tandoori-ui/static/js/navbar/App.jsx
FN:4,_interopRequireDefault
FNF:1
FNH:0
FNDA:0,_interopRequireDefault
DA:1,0
DA:2,0
DA:4,0
DA:6,0
DA:31,0
LF:5
LH:0
BRDA:4,0,0,0
BRDA:4,0,1,0
BRDA:4,1,0,0
BRDA:4,1,1,0
BRF:4
BRH:0
end_of_record
TN:
SF:/Users/roland/dev/django/spicesoft/tandoori-ui/static/js/navbar/ui/Navbar.jsx
FN:7,(anonymous_0)
FN:12,(anonymous_1)
FN:29,(anonymous_2)
FN:30,(anonymous_3)
FN:56,(anonymous_4)
FN:68,(anonymous_5)
FN:69,(anonymous_6)
FN:92,(anonymous_7)
FN:93,(anonymous_8)
FNF:9
FNH:7
FNDA:1,(anonymous_0)
FNDA:1,(anonymous_1)
FNDA:1,(anonymous_2)
FNDA:1,(anonymous_3)
FNDA:1,(anonymous_4)
FNDA:1,(anonymous_5)
FNDA:1,(anonymous_6)
FNDA:0,(anonymous_7)
FNDA:0,(anonymous_8)
DA:8,1
DA:9,1
DA:13,1
DA:14,1
DA:17,1
DA:20,1
DA:30,1
DA:31,1
DA:32,1
DA:42,1
DA:57,1
DA:58,0
DA:69,1
DA:70,1
DA:71,0
DA:79,1
DA:93,0
DA:94,0
DA:102,1
LF:19
LH:15
BRDA:18,0,0,0
BRDA:18,0,1,1
BRDA:31,1,0,1
BRDA:31,1,1,0
BRDA:57,2,0,0
BRDA:57,2,1,1
BRDA:70,3,0,0
BRDA:70,3,1,1
BRDA:71,4,0,0
BRDA:71,4,1,0
BRDA:84,5,0,1
BRDA:84,5,1,0
BRDA:85,6,0,0
BRDA:85,6,1,1
BRF:14
BRH:6
end_of_record
TN:
SF:/Users/roland/dev/django/spicesoft/tandoori-ui/static/js/shared/Dropdown.jsx
FN:6,(anonymous_0)
FN:14,(anonymous_1)
FN:31,(anonymous_2)
FN:46,(anonymous_3)
FN:53,(anonymous_4)
FN:65,(anonymous_5)
FN:75,(anonymous_6)
FN:81,(anonymous_7)
FN:88,(anonymous_8)
FNF:9
FNH:0
FNDA:0,(anonymous_0)
FNDA:0,(anonymous_1)
FNDA:0,(anonymous_2)
FNDA:0,(anonymous_3)
FNDA:0,(anonymous_4)
FNDA:0,(anonymous_5)
FNDA:0,(anonymous_6)
FNDA:0,(anonymous_7)
FNDA:0,(anonymous_8)
DA:7,0
DA:8,0
DA:15,0
DA:16,0
DA:17,0
DA:18,0
DA:32,0
DA:37,0
DA:38,0
DA:40,0
DA:47,0
DA:54,0
DA:66,0
DA:67,0
DA:76,0
DA:77,0
DA:82,0
DA:89,0
DA:90,0
DA:95,0
DA:102,1
LF:21
LH:1
BRDA:16,0,0,0
BRDA:16,0,1,0
BRDA:17,1,0,0
BRDA:17,1,1,0
BRDA:37,2,0,0
BRDA:37,2,1,0
BRDA:53,3,0,0
BRDA:53,3,1,0
BRDA:66,4,0,0
BRDA:66,4,1,0
BRDA:76,5,0,0
BRDA:76,5,1,0
BRDA:83,6,0,0
BRDA:83,6,1,0
BRDA:84,7,0,0
BRDA:84,7,1,0
BRDA:89,8,0,0
BRDA:89,8,1,0
BRF:18
BRH:0
end_of_record
TN:
SF:/Users/roland/dev/django/spicesoft/tandoori-ui/static/js/shared/Loader.jsx
FN:1,(anonymous_0)
FN:1,defineProperties
FN:1,(anonymous_2)
FN:1,_interopRequireDefault
FN:1,_classCallCheck
FN:1,_possibleConstructorReturn
FN:1,_inherits
FN:3,(anonymous_7)
FN:3,Loader
FN:3,render
FNF:10
FNH:0
FNDA:0,(anonymous_0)
FNDA:0,defineProperties
FNDA:0,(anonymous_2)
FNDA:0,_interopRequireDefault
FNDA:0,_classCallCheck
FNDA:0,_possibleConstructorReturn
FNDA:0,_inherits
FNDA:0,(anonymous_7)
FNDA:0,Loader
FNDA:0,render
DA:1,0
DA:3,0
DA:5,0
DA:12,0
LF:4
LH:0
BRDA:1,0,0,0
BRDA:1,0,1,0
BRDA:1,1,0,0
BRDA:1,1,1,0
BRDA:1,2,0,0
BRDA:1,2,1,0
BRDA:1,3,0,0
BRDA:1,3,1,0
BRDA:1,4,0,0
BRDA:1,4,1,0
BRDA:1,5,0,0
BRDA:1,5,1,0
BRDA:1,6,0,0
BRDA:1,6,1,0
BRDA:1,7,0,0
BRDA:1,7,1,0
BRDA:1,8,0,0
BRDA:1,8,1,0
BRDA:1,9,0,0
BRDA:1,9,1,0
BRDA:1,9,2,0
BRDA:1,10,0,0
BRDA:1,10,1,0
BRDA:1,11,0,0
BRDA:1,11,1,0
BRDA:1,12,0,0
BRDA:1,12,1,0
BRDA:1,13,0,0
BRDA:1,13,1,0
BRDA:1,14,0,0
BRDA:1,14,1,0
BRDA:3,15,0,0
BRDA:3,15,1,0
BRF:33
BRH:0
end_of_record
TN:
SF:/Users/roland/dev/django/spicesoft/tandoori-ui/static/js/side-menu/App.jsx
FN:7,_interopRequireDefault
FN:62,logChange
FNF:2
FNH:0
FNDA:0,_interopRequireDefault
FNDA:0,logChange
DA:1,0
DA:2,0
DA:3,0
DA:4,0
DA:5,0
DA:7,0
DA:9,0
DA:54,0
DA:61,0
DA:62,0
DA:63,0
DA:65,0
DA:67,0
LF:13
LH:0
BRDA:7,0,0,0
BRDA:7,0,1,0
BRDA:7,1,0,0
BRDA:7,1,1,0
BRF:4
BRH:0
end_of_record
TN:
SF:/Users/roland/dev/django/spicesoft/tandoori-ui/static/js/side-menu/actionTypes.js
FNF:0
FNH:0
DA:1,0
DA:2,0
LF:2
LH:0
BRF:0
BRH:0
end_of_record
TN:
SF:/Users/roland/dev/django/spicesoft/tandoori-ui/static/js/side-menu/actions.js
FN:6,toggleOpen
FN:13,toggleActive
FNF:2
FNH:0
FNDA:0,toggleOpen
FNDA:0,toggleActive
DA:1,0
DA:6,0
DA:7,0
DA:13,0
DA:14,0
LF:5
LH:0
BRF:0
BRH:0
end_of_record
TN:
SF:/Users/roland/dev/django/spicesoft/tandoori-ui/static/js/side-menu/container/MenuApp.js
FN:6,_interopRequireDefault
FN:8,mapStateToProps
FN:10,mapDispatchToProps
FN:12,onItemClicked
FN:16,onOutsideLayerClicked
FNF:5
FNH:0
FNDA:0,_interopRequireDefault
FNDA:0,mapStateToProps
FNDA:0,mapDispatchToProps
FNDA:0,onItemClicked
FNDA:0,onOutsideLayerClicked
DA:1,0
DA:2,0
DA:6,0
DA:8,0
DA:10,0
DA:11,0
DA:13,0
DA:14,0
DA:17,0
DA:22,0
DA:24,0
LF:11
LH:0
BRDA:6,0,0,0
BRDA:6,0,1,0
BRDA:6,1,0,0
BRDA:6,1,1,0
BRF:4
BRH:0
end_of_record
TN:
SF:/Users/roland/dev/django/spicesoft/tandoori-ui/static/js/side-menu/ui/Menu.jsx
FN:1,(anonymous_0)
FN:1,defineProperties
FN:1,(anonymous_2)
FN:4,_interopRequireDefault
FN:4,_classCallCheck
FN:4,_possibleConstructorReturn
FN:4,_inherits
FN:6,(anonymous_7)
FN:6,Menu
FN:6,render
FN:28,renderItems
FN:31,(anonymous_11)
FN:38,renderCategories
FN:41,(anonymous_13)
FN:45,(anonymous_14)
FN:55,renderSubItems
FN:58,(anonymous_16)
FN:65,getPanelClassNames
FN:78,outsideClicked
FNF:19
FNH:0
FNDA:0,(anonymous_0)
FNDA:0,defineProperties
FNDA:0,(anonymous_2)
FNDA:0,_interopRequireDefault
FNDA:0,_classCallCheck
FNDA:0,_possibleConstructorReturn
FNDA:0,_inherits
FNDA:0,(anonymous_7)
FNDA:0,Menu
FNDA:0,render
FNDA:0,renderItems
FNDA:0,(anonymous_11)
FNDA:0,renderCategories
FNDA:0,(anonymous_13)
FNDA:0,(anonymous_14)
FNDA:0,renderSubItems
FNDA:0,(anonymous_16)
FNDA:0,getPanelClassNames
FNDA:0,outsideClicked
DA:1,0
DA:2,0
DA:4,0
DA:6,0
DA:10,0
DA:30,0
DA:31,0
DA:32,0
DA:40,0
DA:41,0
DA:42,0
DA:44,0
DA:45,0
DA:46,0
DA:54,0
DA:58,0
DA:59,0
DA:68,0
DA:72,0
DA:73,0
DA:77,0
DA:81,0
DA:82,0
DA:85,0
LF:24
LH:0
BRDA:1,0,0,0
BRDA:1,0,1,0
BRDA:1,1,0,0
BRDA:1,1,1,0
BRDA:1,2,0,0
BRDA:1,2,1,0
BRDA:1,3,0,0
BRDA:1,3,1,0
BRDA:4,4,0,0
BRDA:4,4,1,0
BRDA:4,5,0,0
BRDA:4,5,1,0
BRDA:4,6,0,0
BRDA:4,6,1,0
BRDA:4,7,0,0
BRDA:4,7,1,0
BRDA:4,8,0,0
BRDA:4,8,1,0
BRDA:4,9,0,0
BRDA:4,9,1,0
BRDA:4,9,2,0
BRDA:4,10,0,0
BRDA:4,10,1,0
BRDA:4,11,0,0
BRDA:4,11,1,0
BRDA:4,12,0,0
BRDA:4,12,1,0
BRDA:4,13,0,0
BRDA:4,13,1,0
BRDA:4,14,0,0
BRDA:4,14,1,0
BRDA:6,15,0,0
BRDA:6,15,1,0
BRDA:44,16,0,0
BRDA:44,16,1,0
BRDA:72,17,0,0
BRDA:72,17,1,0
BRDA:74,18,0,0
BRDA:74,18,1,0
BRF:39
BRH:0
end_of_record
TN:
SF:/Users/roland/dev/django/spicesoft/tandoori-ui/static/js/side-menu/ui/MenuItem.jsx
FN:1,(anonymous_0)
FN:1,defineProperties
FN:1,(anonymous_2)
FN:2,_interopRequireDefault
FN:2,_classCallCheck
FN:2,_possibleConstructorReturn
FN:2,_inherits
FN:4,(anonymous_7)
FN:4,MenuItem
FN:4,render
FN:22,itemClicked
FNF:11
FNH:0
FNDA:0,(anonymous_0)
FNDA:0,defineProperties
FNDA:0,(anonymous_2)
FNDA:0,_interopRequireDefault
FNDA:0,_classCallCheck
FNDA:0,_possibleConstructorReturn
FNDA:0,_inherits
FNDA:0,(anonymous_7)
FNDA:0,MenuItem
FNDA:0,render
FNDA:0,itemClicked
DA:1,0
DA:2,0
DA:4,0
DA:6,0
DA:10,0
DA:11,0
DA:13,0
DA:14,0
DA:25,0
DA:26,0
DA:29,0
LF:11
LH:0
BRDA:1,0,0,0
BRDA:1,0,1,0
BRDA:1,1,0,0
BRDA:1,1,1,0
BRDA:1,2,0,0
BRDA:1,2,1,0
BRDA:1,3,0,0
BRDA:1,3,1,0
BRDA:2,4,0,0
BRDA:2,4,1,0
BRDA:2,5,0,0
BRDA:2,5,1,0
BRDA:2,6,0,0
BRDA:2,6,1,0
BRDA:2,7,0,0
BRDA:2,7,1,0
BRDA:2,8,0,0
BRDA:2,8,1,0
BRDA:2,9,0,0
BRDA:2,9,1,0
BRDA:2,9,2,0
BRDA:2,10,0,0
BRDA:2,10,1,0
BRDA:2,11,0,0
BRDA:2,11,1,0
BRDA:2,12,0,0
BRDA:2,12,1,0
BRDA:2,13,0,0
BRDA:2,13,1,0
BRDA:2,14,0,0
BRDA:2,14,1,0
BRDA:4,15,0,0
BRDA:4,15,1,0
BRDA:10,16,0,0
BRDA:10,16,1,0
BRF:35
BRH:0
end_of_record
