TN:
SF:/Users/roland/dev/django/spicesoft/tandoori-ui/static/js/navbar/App.jsx
FN:4,_interopRequireDefault
FNF:1
FNH:0
FNDA:0,_interopRequireDefault
DA:1,0
DA:2,0
DA:4,0
DA:6,0
DA:31,0
LF:5
LH:0
BRDA:4,0,0,0
BRDA:4,0,1,0
BRDA:4,1,0,0
BRDA:4,1,1,0
BRF:4
BRH:0
end_of_record
TN:
SF:/Users/roland/dev/django/spicesoft/tandoori-ui/static/js/navbar/ui/Navbar.jsx
FN:7,(anonymous_0)
FN:12,(anonymous_1)
FN:29,(anonymous_2)
FN:30,(anonymous_3)
FN:56,(anonymous_4)
FN:68,(anonymous_5)
FN:69,(anonymous_6)
FN:92,(anonymous_7)
FN:93,(anonymous_8)
FNF:9
FNH:7
FNDA:1,(anonymous_0)
FNDA:1,(anonymous_1)
FNDA:1,(anonymous_2)
FNDA:1,(anonymous_3)
FNDA:1,(anonymous_4)
FNDA:1,(anonymous_5)
FNDA:1,(anonymous_6)
FNDA:0,(anonymous_7)
FNDA:0,(anonymous_8)
DA:8,1
DA:9,1
DA:13,1
DA:14,1
DA:17,1
DA:20,1
DA:30,1
DA:31,1
DA:32,1
DA:42,1
DA:57,1
DA:58,0
DA:69,1
DA:70,1
DA:71,0
DA:79,1
DA:93,0
DA:94,0
DA:102,1
LF:19
LH:15
BRDA:18,0,0,0
BRDA:18,0,1,1
BRDA:31,1,0,1
BRDA:31,1,1,0
BRDA:57,2,0,0
BRDA:57,2,1,1
BRDA:70,3,0,0
BRDA:70,3,1,1
BRDA:71,4,0,0
BRDA:71,4,1,0
BRDA:84,5,0,1
BRDA:84,5,1,0
BRDA:85,6,0,0
BRDA:85,6,1,1
BRF:14
BRH:6
end_of_record
